<?xml version="1.0" encoding="UTF-8"?>
<!-- Generated by org.testng.reporters.JUnitXMLReporter -->
<testsuite ignored="0" hostname="LAPTOP-J81SHHRK" failures="0" tests="1" name="Test-2" time="22.19" errors="0" timestamp="2024-06-28T10:01:47 IST">
  <testcase classname="com.comcast.crm.contacttest.CreateContact1Test" name="createContactTest" time="9.52"/>
</testsuite> <!-- Test-2 -->
