<?xml version="1.0" encoding="UTF-8"?>
<!-- Generated by org.testng.reporters.JUnitReportReporter -->
<testsuite hostname="LAPTOP-J81SHHRK" failures="0" tests="3" name="practice.testng.CreateContact_DP_Test" time="0.020" errors="0" timestamp="2024-06-26T13:30:47 IST" skipped="0">
  <testcase classname="practice.testng.CreateContact_DP_Test" name="CreateContact" time="0.003"/>
  <system-out/>
  <testcase classname="practice.testng.CreateContact_DP_Test" name="CreateContact" time="0.002"/>
  <system-out/>
  <testcase classname="practice.testng.CreateContact_DP_Test" name="CreateContact" time="0.015"/>
  <system-out/>
</testsuite> <!-- practice.testng.CreateContact_DP_Test -->
