<?xml version="1.0" encoding="UTF-8"?>
<!-- Generated by org.testng.reporters.JUnitReportReporter -->
<testsuite hostname="LAPTOP-J81SHHRK" failures="0" tests="1" name="com.comcast.crm.contacttest.CreateContact1Test" time="14.281" errors="0" timestamp="2024-07-06T14:46:55 IST" skipped="0">
  <testcase classname="com.comcast.crm.contacttest.CreateContact1Test" name="createContactTest" time="14.281"/>
  <system-out/>
</testsuite> <!-- com.comcast.crm.contacttest.CreateContact1Test -->
