<?xml version="1.0" encoding="UTF-8"?>
<!-- Generated by org.testng.reporters.JUnitReportReporter -->
<testsuite hostname="LAPTOP-J81SHHRK" failures="0" tests="1" name="practice.test.InvoiceTest1" time="6.173" errors="0" timestamp="2024-07-01T16:51:16 IST" skipped="0">
  <testcase classname="practice.test.InvoiceTest1" name="createInvoicetest" time="6.173"/>
  <system-out/>
</testsuite> <!-- practice.test.InvoiceTest1 -->
