<?xml version="1.0" encoding="UTF-8"?>
<!-- Generated by org.testng.reporters.JUnitReportReporter -->
<testsuite hostname="LAPTOP-J81SHHRK" failures="0" tests="1" name="practice.testng.SampleTest" time="0.016" errors="0" timestamp="2024-06-26T09:44:57 IST" skipped="0">
  <testcase classname="practice.testng.SampleTest" name="test1" time="0.016"/>
  <system-out/>
</testsuite> <!-- practice.testng.SampleTest -->
