<?xml version="1.0" encoding="UTF-8"?>
<!-- Generated by org.testng.reporters.JUnitReportReporter -->
<testsuite hostname="LAPTOP-J81SHHRK" failures="0" tests="1" name="practice.testng.SampleReportTest" time="0.017" errors="0" timestamp="2024-07-02T18:38:53 IST" skipped="0">
  <testcase classname="practice.testng.SampleReportTest" name="createContact" time="0.017"/>
  <system-out/>
</testsuite> <!-- practice.testng.SampleReportTest -->
