<?xml version="1.0" encoding="UTF-8"?>
<!-- Generated by org.testng.reporters.JUnitReportReporter -->
<testsuite hostname="LAPTOP-J81SHHRK" failures="0" tests="2" name="com.pack1.CreateContactTest" time="0.014" errors="0" timestamp="2024-06-26T17:23:43 IST" skipped="0">
  <testcase classname="com.pack1.CreateContactTest" name="createContactWithDate" time="0.004"/>
  <system-out/>
  <testcase classname="com.pack1.CreateContactTest" name="createContact" time="0.010"/>
  <system-out/>
</testsuite> <!-- com.pack1.CreateContactTest -->
