<?xml version="1.0" encoding="UTF-8"?>
<!-- Generated by org.testng.reporters.JUnitReportReporter -->
<testsuite hostname="LAPTOP-J81SHHRK" failures="0" tests="3" name="com.comcast.crm.orgtest.CreateOrganization1Test" time="36.893" errors="0" timestamp="2024-07-10T11:24:02 IST" skipped="0">
  <testcase classname="com.comcast.crm.orgtest.CreateOrganization1Test" name="createOrgWithPhoneNumber" time="11.047"/>
  <system-out/>
  <testcase classname="com.comcast.crm.orgtest.CreateOrganization1Test" name="createOrgWithIndustries" time="13.361"/>
  <system-out/>
  <testcase classname="com.comcast.crm.orgtest.CreateOrganization1Test" name="createOrgTest" time="12.485"/>
  <system-out/>
</testsuite> <!-- com.comcast.crm.orgtest.CreateOrganization1Test -->
