<?xml version="1.0" encoding="UTF-8"?>
<!-- Generated by org.testng.reporters.JUnitReportReporter -->
<testsuite hostname="LAPTOP-J81SHHRK" failures="0" tests="3" name="practice.testng.ContactTestwithDependOn" time="0.020" errors="0" timestamp="2024-06-26T12:16:13 IST" skipped="0">
  <testcase classname="practice.testng.ContactTestwithDependOn" name="modifyContactTest" time="0.002"/>
  <system-out/>
  <testcase classname="practice.testng.ContactTestwithDependOn" name="createContactTest" time="0.014"/>
  <system-out/>
  <testcase classname="practice.testng.ContactTestwithDependOn" name="deleteContactTest" time="0.004"/>
  <system-out/>
</testsuite> <!-- practice.testng.ContactTestwithDependOn -->
