<?xml version="1.0" encoding="UTF-8"?>
<!-- Generated by org.testng.reporters.JUnitReportReporter -->
<testsuite hostname="LAPTOP-J81SHHRK" failures="0" tests="3" name="practice.testng.ContactTest" time="0.020" errors="0" timestamp="2024-06-26T11:07:07 IST" skipped="0">
  <testcase classname="practice.testng.ContactTest" name="modifyContactTest" time="0.014"/>
  <system-out/>
  <testcase classname="practice.testng.ContactTest" name="createContactTest" time="0.003"/>
  <system-out/>
  <testcase classname="practice.testng.ContactTest" name="deleteContactTest" time="0.003"/>
  <system-out/>
</testsuite> <!-- practice.testng.ContactTest -->
