<?xml version="1.0" encoding="UTF-8"?>
<!-- Generated by org.testng.reporters.JUnitReportReporter -->
<testsuite hostname="LAPTOP-J81SHHRK" failures="0" tests="2" name="com.crm.comcastorgTest.CreateIOrgTest" time="0.022" errors="0" timestamp="2024-06-26T18:09:26 IST" skipped="0">
  <testcase classname="com.crm.comcastorgTest.CreateIOrgTest" name="createOrgWithIndustries" time="0.005"/>
  <system-out/>
  <testcase classname="com.crm.comcastorgTest.CreateIOrgTest" name="createOrgTest" time="0.017"/>
  <system-out/>
</testsuite> <!-- com.crm.comcastorgTest.CreateIOrgTest -->
